#
# A fatal error has been detected by the Java Runtime Environment:
#
#  EXCEPTION_ACCESS_VIOLATION (0xc0000005) at pc=0x000000007788a0a5, pid=6212, tid=0x0000000000001870
#
# JRE version: Java(TM) SE Runtime Environment (8.0_101-b13) (build 1.8.0_101-b13)
# Java VM: Java HotSpot(TM) 64-Bit Server VM (25.101-b13 mixed mode windows-amd64 compressed oops)
# Problematic frame:
# V  [jvm.dll+0x12a0a5]
#
# Failed to write core dump. Minidumps are not enabled by default on client versions of Windows
#
# If you would like to submit a bug report, please visit:
#   http://bugreport.java.com/bugreport/crash.jsp
#

---------------  T H R E A D  ---------------

Current thread (0x0000000014e46000):  JavaThread "JDWP Transport Listener: dt_socket" daemon [_thread_in_vm, id=6256, stack(0x00000000167d0000,0x00000000168d0000)]

siginfo: ExceptionCode=0xc0000005, reading address 0xffffffffffffffff

Registers:
RAX=0x00000000168cf001, RBX=0x0000000014e46000, RCX=0x706d6f432f676e61, RDX=0x0000000000000000
RSP=0x00000000168cf030, RBP=0x706d6f432f676e61, RSI=0x00000000168cf148, RDI=0x00000000026085c0
R8 =0x0000000014e46000, R9 =0x0000000000000001, R10=0x0000000000c600c0, R11=0x0000000019c5a0d0
R12=0x0000000000000000, R13=0x0000000014e434d8, R14=0x0000000000000000, R15=0x0000000000000000
RIP=0x000000007788a0a5, EFLAGS=0x0000000000010202

Top of Stack: (sp=0x00000000168cf030)
0x00000000168cf030:   0000000014e46000 0000000014e46000
0x00000000168cf040:   00000000168cf0f8 0000000077a92f0b
0x00000000168cf050:   0000000014e46000 0000000077aaf76d
0x00000000168cf060:   0000000000000000 0000000050099155
0x00000000168cf070:   000000001937c630 00000000500a291e
0x00000000168cf080:   0000000014e46000 0000000000000000
0x00000000168cf090:   0000000000000000 0000000000000000
0x00000000168cf0a0:   706d6f432f676e61 00000000500a1a15
0x00000000168cf0b0:   00000000168cf148 00000000168cf120
0x00000000168cf0c0:   0000000000000001 000000001937c630
0x00000000168cf0d0:   706d6f432f676e61 00000000500853b3
0x00000000168cf0e0:   00000000168cf210 0000000000000001
0x00000000168cf0f0:   0000000000000001 000000001937c630
0x00000000168cf100:   0000000000000001 0000000000000000
0x00000000168cf110:   0000000000000000 0000000000000000
0x00000000168cf120:   0000000000000001 0000000050085571 

Instructions: (pc=0x000000007788a0a5)
0x000000007788a085:   cc cc cc cc cc cc cc cc cc cc cc 48 83 ec 28 48
0x000000007788a095:   85 c9 75 07 33 c0 48 83 c4 28 c3 48 89 5c 24 20
0x000000007788a0a5:   48 8b 19 48 85 db 74 20 48 83 fb 37 74 1a 48 8b
0x000000007788a0b5:   13 48 8b cb ff 52 10 84 c0 74 0d 48 8b c3 48 8b 


Register to memory mapping:

RAX=0x00000000168cf001 is pointing into the stack for thread: 0x0000000014e46000
RBX=0x0000000014e46000 is a thread
RCX=0x706d6f432f676e61 is an unknown value
RDX=0x0000000000000000 is an unknown value
RSP=0x00000000168cf030 is pointing into the stack for thread: 0x0000000014e46000
RBP=0x706d6f432f676e61 is an unknown value
RSI=0x00000000168cf148 is pointing into the stack for thread: 0x0000000014e46000
RDI=0x00000000026085c0 is an unknown value
R8 =0x0000000014e46000 is a thread
R9 =0x0000000000000001 is an unknown value
R10=0x0000000000c600c0 is an unknown value
R11=0x0000000019c5a0d0 is an unknown value
R12=0x0000000000000000 is an unknown value
R13=0x0000000014e434d8 is an unknown value
R14=0x0000000000000000 is an unknown value
R15=0x0000000000000000 is an unknown value


Stack: [0x00000000167d0000,0x00000000168d0000],  sp=0x00000000168cf030,  free space=1020k
Native frames: (J=compiled Java code, j=interpreted, Vv=VM code, C=native code)
V  [jvm.dll+0x12a0a5]
V  [jvm.dll+0x34f76d]
C  [jdwp.dll+0x21a15]
C  [jdwp.dll+0x53b3]
C  [jdwp.dll+0x5571]
C  [jdwp.dll+0xf0a8]
C  [jdwp.dll+0x1f2d5]
C  [jdwp.dll+0x1f4aa]
V  [jvm.dll+0x1bd258]
V  [jvm.dll+0x2451a4]
V  [jvm.dll+0x29c18a]
C  [msvcr100.dll+0x21d9f]
C  [msvcr100.dll+0x21e3b]
C  [KERNEL32.DLL+0x1611]
C  [ntdll.dll+0x764ad]


---------------  P R O C E S S  ---------------

Java Threads: ( => current thread )
  0x000000001bde0800 JavaThread "ForkJoinPool.commonPool-worker-2" daemon [_thread_blocked, id=7200, stack(0x000000001d170000,0x000000001d270000)]
  0x000000001bddd000 JavaThread "ForkJoinPool.commonPool-worker-1" daemon [_thread_blocked, id=3100, stack(0x000000001b5a0000,0x000000001b6a0000)]
  0x000000001bde0000 JavaThread "ForkJoinPool.commonPool-worker-0" daemon [_thread_blocked, id=6984, stack(0x00000000184d0000,0x00000000185d0000)]
  0x000000001bddf000 JavaThread "DestroyJavaVM" [_thread_blocked, id=6328, stack(0x0000000002610000,0x0000000002710000)]
  0x000000001bdd9000 JavaThread "http-nio-8080-Acceptor" daemon [_thread_in_native, id=1884, stack(0x000000001e470000,0x000000001e570000)]
  0x000000001bddc000 JavaThread "http-nio-8080-ClientPoller" daemon [_thread_in_native, id=5340, stack(0x000000001e370000,0x000000001e470000)]
  0x000000001bddb800 JavaThread "http-nio-8080-exec-10" daemon [_thread_blocked, id=6732, stack(0x000000001e170000,0x000000001e270000)]
  0x000000001bdda800 JavaThread "http-nio-8080-exec-9" daemon [_thread_blocked, id=1744, stack(0x000000001e070000,0x000000001e170000)]
  0x000000001bdd7000 JavaThread "http-nio-8080-exec-8" daemon [_thread_blocked, id=2016, stack(0x000000001df70000,0x000000001e070000)]
  0x000000001bdda000 JavaThread "http-nio-8080-exec-7" daemon [_thread_blocked, id=8076, stack(0x000000001de70000,0x000000001df70000)]
  0x000000001bdd5800 JavaThread "http-nio-8080-exec-6" daemon [_thread_blocked, id=5640, stack(0x000000001dd70000,0x000000001de70000)]
  0x000000001bdd8800 JavaThread "http-nio-8080-exec-5" daemon [_thread_blocked, id=6228, stack(0x000000001dc70000,0x000000001dd70000)]
  0x000000001bdd6000 JavaThread "http-nio-8080-exec-4" daemon [_thread_blocked, id=4832, stack(0x000000001db70000,0x000000001dc70000)]
  0x000000001bdd7800 JavaThread "http-nio-8080-exec-3" daemon [_thread_blocked, id=4428, stack(0x000000001da70000,0x000000001db70000)]
  0x00000000199fd000 JavaThread "http-nio-8080-exec-2" daemon [_thread_blocked, id=6548, stack(0x000000001d970000,0x000000001da70000)]
  0x0000000019a00000 JavaThread "http-nio-8080-exec-1" daemon [_thread_blocked, id=8020, stack(0x000000001d870000,0x000000001d970000)]
  0x00000000199fe000 JavaThread "http-nio-8080-BlockPoller" daemon [_thread_in_native, id=5368, stack(0x000000001d770000,0x000000001d870000)]
  0x00000000199ff800 JavaThread "File Watcher" daemon [_thread_blocked, id=4800, stack(0x000000001d670000,0x000000001d770000)]
  0x00000000199fb800 JavaThread "Live Reload Server" daemon [_thread_in_native, id=436, stack(0x000000001cc70000,0x000000001cd70000)]
  0x00000000199fa000 JavaThread "HikariPool-1 housekeeper" daemon [_thread_blocked, id=7004, stack(0x000000001b2a0000,0x000000001b3a0000)]
  0x000000001980f800 JavaThread "mysql-cj-abandoned-connection-cleanup" daemon [_thread_blocked, id=5744, stack(0x000000001a9a0000,0x000000001aaa0000)]
  0x00000000197f9800 JavaThread "container-0" [_thread_blocked, id=7188, stack(0x000000001a8a0000,0x000000001a9a0000)]
  0x00000000197e7800 JavaThread "Catalina-utility-2" [_thread_blocked, id=6852, stack(0x000000001a7a0000,0x000000001a8a0000)]
  0x00000000197f8000 JavaThread "Catalina-utility-1" [_thread_blocked, id=4516, stack(0x00000000186d0000,0x00000000187d0000)]
  0x000000001745c000 JavaThread "RMI TCP Accept-0" daemon [_thread_in_native, id=4512, stack(0x0000000017cd0000,0x0000000017dd0000)]
  0x000000001744e000 JavaThread "RMI TCP Accept-54088" daemon [_thread_in_native, id=4144, stack(0x0000000017bd0000,0x0000000017cd0000)]
  0x000000001743d000 JavaThread "RMI TCP Accept-0" daemon [_thread_in_native, id=6944, stack(0x0000000017ad0000,0x0000000017bd0000)]
  0x0000000014e9c000 JavaThread "Service Thread" daemon [_thread_blocked, id=5676, stack(0x00000000171d0000,0x00000000172d0000)]
  0x0000000014e74000 JavaThread "C1 CompilerThread2" daemon [_thread_blocked, id=3632, stack(0x0000000016cd0000,0x0000000016dd0000)]
  0x0000000014e6f000 JavaThread "C2 CompilerThread1" daemon [_thread_blocked, id=7256, stack(0x0000000016bd0000,0x0000000016cd0000)]
  0x0000000014e68800 JavaThread "C2 CompilerThread0" daemon [_thread_blocked, id=4336, stack(0x0000000016ad0000,0x0000000016bd0000)]
  0x0000000014e5d800 JavaThread "JDWP Command Reader" daemon [_thread_in_native, id=4128, stack(0x00000000169d0000,0x0000000016ad0000)]
  0x0000000014e5a800 JavaThread "JDWP Event Helper Thread" daemon [_thread_blocked, id=5076, stack(0x00000000168d0000,0x00000000169d0000)]
=>0x0000000014e46000 JavaThread "JDWP Transport Listener: dt_socket" daemon [_thread_in_vm, id=6256, stack(0x00000000167d0000,0x00000000168d0000)]
  0x0000000014e4c800 JavaThread "Attach Listener" daemon [_thread_blocked, id=8112, stack(0x0000000016380000,0x0000000016480000)]
  0x0000000014e4b800 JavaThread "Signal Dispatcher" daemon [_thread_blocked, id=7936, stack(0x0000000016280000,0x0000000016380000)]
  0x000000000280e800 JavaThread "Finalizer" daemon [_thread_blocked, id=7628, stack(0x0000000016090000,0x0000000016190000)]
  0x0000000014e09000 JavaThread "Reference Handler" daemon [_thread_blocked, id=5872, stack(0x0000000015f90000,0x0000000016090000)]

Other Threads:
  0x0000000014e07000 VMThread [stack: 0x0000000015e90000,0x0000000015f90000] [id=5532]
  0x000000001745d000 WatcherThread [stack: 0x0000000017dd0000,0x0000000017ed0000] [id=2472]

VM state:not at safepoint (normal execution)

VM Mutex/Monitor currently owned by a thread: None

Heap:
 PSYoungGen      total 164352K, used 56825K [0x00000000eb000000, 0x00000000f9980000, 0x0000000100000000)
  eden space 153088K, 29% used [0x00000000eb000000,0x00000000edc81d10,0x00000000f4580000)
  from space 11264K, 99% used [0x00000000f4580000,0x00000000f507cab8,0x00000000f5080000)
  to   space 16896K, 0% used [0x00000000f8900000,0x00000000f8900000,0x00000000f9980000)
 ParOldGen       total 47616K, used 26811K [0x00000000c1000000, 0x00000000c3e80000, 0x00000000eb000000)
  object space 47616K, 56% used [0x00000000c1000000,0x00000000c2a2ed78,0x00000000c3e80000)
 Metaspace       used 53614K, capacity 56596K, committed 56704K, reserved 1097728K
  class space    used 7459K, capacity 8001K, committed 8064K, reserved 1048576K

Card table byte_map: [0x0000000011bd0000,0x0000000011dd0000] byte_map_base: 0x00000000115c8000

Marking Bits: (ParMarkBitMap*) 0x0000000077f7a6d0
 Begin Bits: [0x0000000012320000, 0x00000000132e0000)
 End Bits:   [0x00000000132e0000, 0x00000000142a0000)

Polling page: 0x0000000000c80000

CodeCache: size=245760Kb used=7625Kb max_used=7657Kb free=238134Kb
 bounds [0x0000000002810000, 0x0000000002f90000, 0x0000000011810000]
 total_blobs=4518 nmethods=3961 adapters=476
 compilation: enabled

Compilation events (10 events):
Event: 306.459 Thread 0x0000000014e74000 4026   !   1       java.util.concurrent.FutureTask::runAndReset (128 bytes)
Event: 306.461 Thread 0x0000000014e74000 nmethod 4026 0x0000000002de5f90 code [0x0000000002de6120, 0x0000000002de64f8]
Event: 306.461 Thread 0x0000000014e74000 4027       1       java.util.concurrent.Executors$RunnableAdapter::call (14 bytes)
Event: 306.461 Thread 0x0000000014e74000 nmethod 4027 0x0000000002f4ee90 code [0x0000000002f4efe0, 0x0000000002f4f128]
Event: 306.461 Thread 0x0000000014e74000 4028       1       java.util.concurrent.ScheduledThreadPoolExecutor$ScheduledFutureTask::setNextRunTime (38 bytes)
Event: 306.461 Thread 0x0000000014e74000 nmethod 4028 0x0000000002d508d0 code [0x0000000002d50a40, 0x0000000002d50c48]
Event: 306.461 Thread 0x0000000014e74000 4029       1       java.util.concurrent.ScheduledThreadPoolExecutor::reExecutePeriodic (51 bytes)
Event: 306.462 Thread 0x0000000014e74000 nmethod 4029 0x0000000002de4a90 code [0x0000000002de4c20, 0x0000000002de4f08]
Event: 325.800 Thread 0x0000000014e74000 4030       1       org.apache.catalina.core.ContainerBase::getBackgroundProcessorDelay (5 bytes)
Event: 325.800 Thread 0x0000000014e74000 nmethod 4030 0x0000000002f19e90 code [0x0000000002f19fe0, 0x0000000002f1a0f0]

GC Heap History (10 events):
Event: 3.844 GC heap before
{Heap before GC invocations=9 (full 1):
 PSYoungGen      total 71168K, used 64512K [0x00000000eb000000, 0x00000000f3d00000, 0x0000000100000000)
  eden space 64512K, 100% used [0x00000000eb000000,0x00000000eef00000,0x00000000eef00000)
  from space 6656K, 0% used [0x00000000eef00000,0x00000000eef00000,0x00000000ef580000)
  to   space 7680K, 0% used [0x00000000f3580000,0x00000000f3580000,0x00000000f3d00000)
 ParOldGen       total 31744K, used 8132K [0x00000000c1000000, 0x00000000c2f00000, 0x00000000eb000000)
  object space 31744K, 25% used [0x00000000c1000000,0x00000000c17f1020,0x00000000c2f00000)
 Metaspace       used 23359K, capacity 24510K, committed 24704K, reserved 1071104K
  class space    used 3164K, capacity 3413K, committed 3456K, reserved 1048576K
Event: 3.857 GC heap after
Heap after GC invocations=9 (full 1):
 PSYoungGen      total 116736K, used 5853K [0x00000000eb000000, 0x00000000f3b80000, 0x0000000100000000)
  eden space 110592K, 0% used [0x00000000eb000000,0x00000000eb000000,0x00000000f1c00000)
  from space 6144K, 95% used [0x00000000f3580000,0x00000000f3b37680,0x00000000f3b80000)
  to   space 7680K, 0% used [0x00000000f2c80000,0x00000000f2c80000,0x00000000f3400000)
 ParOldGen       total 31744K, used 8140K [0x00000000c1000000, 0x00000000c2f00000, 0x00000000eb000000)
  object space 31744K, 25% used [0x00000000c1000000,0x00000000c17f3020,0x00000000c2f00000)
 Metaspace       used 23359K, capacity 24510K, committed 24704K, reserved 1071104K
  class space    used 3164K, capacity 3413K, committed 3456K, reserved 1048576K
}
Event: 5.127 GC heap before
{Heap before GC invocations=10 (full 1):
 PSYoungGen      total 116736K, used 116445K [0x00000000eb000000, 0x00000000f3b80000, 0x0000000100000000)
  eden space 110592K, 100% used [0x00000000eb000000,0x00000000f1c00000,0x00000000f1c00000)
  from space 6144K, 95% used [0x00000000f3580000,0x00000000f3b37680,0x00000000f3b80000)
  to   space 7680K, 0% used [0x00000000f2c80000,0x00000000f2c80000,0x00000000f3400000)
 ParOldGen       total 31744K, used 8140K [0x00000000c1000000, 0x00000000c2f00000, 0x00000000eb000000)
  object space 31744K, 25% used [0x00000000c1000000,0x00000000c17f3020,0x00000000c2f00000)
 Metaspace       used 28092K, capacity 29834K, committed 30080K, reserved 1075200K
  class space    used 3816K, capacity 4136K, committed 4224K, reserved 1048576K
Event: 5.141 GC heap after
Heap after GC invocations=10 (full 1):
 PSYoungGen      total 135168K, used 7648K [0x00000000eb000000, 0x00000000f5980000, 0x0000000100000000)
  eden space 127488K, 0% used [0x00000000eb000000,0x00000000eb000000,0x00000000f2c80000)
  from space 7680K, 99% used [0x00000000f2c80000,0x00000000f33f8230,0x00000000f3400000)
  to   space 9216K, 0% used [0x00000000f5080000,0x00000000f5080000,0x00000000f5980000)
 ParOldGen       total 31744K, used 9639K [0x00000000c1000000, 0x00000000c2f00000, 0x00000000eb000000)
  object space 31744K, 30% used [0x00000000c1000000,0x00000000c1969dc0,0x00000000c2f00000)
 Metaspace       used 28092K, capacity 29834K, committed 30080K, reserved 1075200K
  class space    used 3816K, capacity 4136K, committed 4224K, reserved 1048576K
}
Event: 6.021 GC heap before
{Heap before GC invocations=11 (full 1):
 PSYoungGen      total 135168K, used 70427K [0x00000000eb000000, 0x00000000f5980000, 0x0000000100000000)
  eden space 127488K, 49% used [0x00000000eb000000,0x00000000eed4eaf0,0x00000000f2c80000)
  from space 7680K, 99% used [0x00000000f2c80000,0x00000000f33f8230,0x00000000f3400000)
  to   space 9216K, 0% used [0x00000000f5080000,0x00000000f5080000,0x00000000f5980000)
 ParOldGen       total 31744K, used 9639K [0x00000000c1000000, 0x00000000c2f00000, 0x00000000eb000000)
  object space 31744K, 30% used [0x00000000c1000000,0x00000000c1969dc0,0x00000000c2f00000)
 Metaspace       used 33613K, capacity 35386K, committed 35496K, reserved 1079296K
  class space    used 4724K, capacity 5050K, committed 5120K, reserved 1048576K
Event: 6.039 GC heap after
Heap after GC invocations=11 (full 1):
 PSYoungGen      total 162304K, used 9200K [0x00000000eb000000, 0x00000000f7200000, 0x0000000100000000)
  eden space 153088K, 0% used [0x00000000eb000000,0x00000000eb000000,0x00000000f4580000)
  from space 9216K, 99% used [0x00000000f5080000,0x00000000f597c3f0,0x00000000f5980000)
  to   space 11264K, 0% used [0x00000000f4580000,0x00000000f4580000,0x00000000f5080000)
 ParOldGen       total 31744K, used 11551K [0x00000000c1000000, 0x00000000c2f00000, 0x00000000eb000000)
  object space 31744K, 36% used [0x00000000c1000000,0x00000000c1b47dd0,0x00000000c2f00000)
 Metaspace       used 33613K, capacity 35386K, committed 35496K, reserved 1079296K
  class space    used 4724K, capacity 5050K, committed 5120K, reserved 1048576K
}
Event: 6.039 GC heap before
{Heap before GC invocations=12 (full 2):
 PSYoungGen      total 162304K, used 9200K [0x00000000eb000000, 0x00000000f7200000, 0x0000000100000000)
  eden space 153088K, 0% used [0x00000000eb000000,0x00000000eb000000,0x00000000f4580000)
  from space 9216K, 99% used [0x00000000f5080000,0x00000000f597c3f0,0x00000000f5980000)
  to   space 11264K, 0% used [0x00000000f4580000,0x00000000f4580000,0x00000000f5080000)
 ParOldGen       total 31744K, used 11551K [0x00000000c1000000, 0x00000000c2f00000, 0x00000000eb000000)
  object space 31744K, 36% used [0x00000000c1000000,0x00000000c1b47dd0,0x00000000c2f00000)
 Metaspace       used 33613K, capacity 35386K, committed 35496K, reserved 1079296K
  class space    used 4724K, capacity 5050K, committed 5120K, reserved 1048576K
Event: 6.124 GC heap after
Heap after GC invocations=12 (full 2):
 PSYoungGen      total 162304K, used 0K [0x00000000eb000000, 0x00000000f7200000, 0x0000000100000000)
  eden space 153088K, 0% used [0x00000000eb000000,0x00000000eb000000,0x00000000f4580000)
  from space 9216K, 0% used [0x00000000f5080000,0x00000000f5080000,0x00000000f5980000)
  to   space 11264K, 0% used [0x00000000f4580000,0x00000000f4580000,0x00000000f5080000)
 ParOldGen       total 47616K, used 15935K [0x00000000c1000000, 0x00000000c3e80000, 0x00000000eb000000)
  object space 47616K, 33% used [0x00000000c1000000,0x00000000c1f8ffe8,0x00000000c3e80000)
 Metaspace       used 33613K, capacity 35386K, committed 35496K, reserved 1079296K
  class space    used 4724K, capacity 5050K, committed 5120K, reserved 1048576K
}
Event: 9.951 GC heap before
{Heap before GC invocations=13 (full 2):
 PSYoungGen      total 162304K, used 153088K [0x00000000eb000000, 0x00000000f7200000, 0x0000000100000000)
  eden space 153088K, 100% used [0x00000000eb000000,0x00000000f4580000,0x00000000f4580000)
  from space 9216K, 0% used [0x00000000f5080000,0x00000000f5080000,0x00000000f5980000)
  to   space 11264K, 0% used [0x00000000f4580000,0x00000000f4580000,0x00000000f5080000)
 ParOldGen       total 47616K, used 15935K [0x00000000c1000000, 0x00000000c3e80000, 0x00000000eb000000)
  object space 47616K, 33% used [0x00000000c1000000,0x00000000c1f8ffe8,0x00000000c3e80000)
 Metaspace       used 51467K, capacity 54356K, committed 54656K, reserved 1095680K
  class space    used 7192K, capacity 7703K, committed 7808K, reserved 1048576K
Event: 10.005 GC heap after
Heap after GC invocations=13 (full 2):
 PSYoungGen      total 164352K, used 11250K [0x00000000eb000000, 0x00000000f9980000, 0x0000000100000000)
  eden space 153088K, 0% used [0x00000000eb000000,0x00000000eb000000,0x00000000f4580000)
  from space 11264K, 99% used [0x00000000f4580000,0x00000000f507cab8,0x00000000f5080000)
  to   space 16896K, 0% used [0x00000000f8900000,0x00000000f8900000,0x00000000f9980000)
 ParOldGen       total 47616K, used 26811K [0x00000000c1000000, 0x00000000c3e80000, 0x00000000eb000000)
  object space 47616K, 56% used [0x00000000c1000000,0x00000000c2a2ed78,0x00000000c3e80000)
 Metaspace       used 51467K, capacity 54356K, committed 54656K, reserved 1095680K
  class space    used 7192K, capacity 7703K, committed 7808K, reserved 1048576K
}

Deoptimization events (0 events):
No events

Internal exceptions (10 events):
Event: 9.683 Thread 0x00000000176f2800 Exception <a 'java/lang/ArrayIndexOutOfBoundsException'> (0x00000000f3c78d00) thrown at [C:\re\workspace\8-2-build-windows-amd64-cygwin\jdk8u101\7261\hotspot\src\share\vm\runtime\sharedRuntime.cpp, line 605]
Event: 9.684 Thread 0x00000000176f2800 Exception <a 'java/lang/ArrayIndexOutOfBoundsException'> (0x00000000f3c7b970) thrown at [C:\re\workspace\8-2-build-windows-amd64-cygwin\jdk8u101\7261\hotspot\src\share\vm\runtime\sharedRuntime.cpp, line 605]
Event: 9.684 Thread 0x00000000176f2800 Exception <a 'java/lang/ArrayIndexOutOfBoundsException'> (0x00000000f3c7c8c8) thrown at [C:\re\workspace\8-2-build-windows-amd64-cygwin\jdk8u101\7261\hotspot\src\share\vm\runtime\sharedRuntime.cpp, line 605]
Event: 9.684 Thread 0x00000000176f2800 Exception <a 'java/lang/ArrayIndexOutOfBoundsException'> (0x00000000f3c7dc30) thrown at [C:\re\workspace\8-2-build-windows-amd64-cygwin\jdk8u101\7261\hotspot\src\share\vm\runtime\sharedRuntime.cpp, line 605]
Event: 9.684 Thread 0x00000000176f2800 Exception <a 'java/lang/ArrayIndexOutOfBoundsException'> (0x00000000f3c7f2e8) thrown at [C:\re\workspace\8-2-build-windows-amd64-cygwin\jdk8u101\7261\hotspot\src\share\vm\runtime\sharedRuntime.cpp, line 605]
Event: 9.768 Thread 0x00000000176f2800 Exception <a 'java/lang/IncompatibleClassChangeError': Found class java.lang.Object, but interface was expected> (0x00000000f3f1d358) thrown at [C:\re\workspace\8-2-build-windows-amd64-cygwin\jdk8u101\7261\hotspot\src\share\vm\interpreter\linkResolver.cpp,:%Ž¿^±#@
Event: 9.846 Thread 0x00000000176f2800 Exception <a 'java/lang/ArrayIndexOutOfBoundsException'> (0x00000000f4209bc0) thrown at [C:\re\workspace\8-2-build-windows-amd64-cygwin\jdk8u101\7261\hotspot\src\share\vm\runtime\sharedRuntime.cpp, line 605]
Event: 9.946 Thread 0x00000000176f2800 Exception <a 'java/lang/ArrayIndexOutOfBoundsException'> (0x00000000f45669e0) thrown at [C:\re\workspace\8-2-build-windows-amd64-cygwin\jdk8u101\7261\hotspot\src\share\vm\runtime\sharedRuntime.cpp, line 605]
Event: 10.569 Thread 0x00000000199fd000 Exception <a 'java/lang/ArrayIndexOutOfBoundsException'> (0x00000000ec52d680) thrown at [C:\re\workspace\8-2-build-windows-amd64-cygwin\jdk8u101\7261\hotspot\src\share\vm\runtime\sharedRuntime.cpp, line 605]
Event: 10.651 Thread 0x00000000199fd000 Exception <a 'java/lang/ArrayIndexOutOfBoundsException'> (0x00000000ec787028) thrown at [C:\re\workspace\8-2-build-windows-amd64-cygwin\jdk8u101\7261\hotspot\src\share\vm\runtime\sharedRuntime.cpp, line 605]

Events (10 events):
Event: 333.621 Executing VM operation: EnterInterpOnlyMode
Event: 333.622 Executing nested VM operation: Deoptimize
Event: 333.622 Executing nested VM operation: Deoptimize done
Event: 333.622 Executing VM operation: EnterInterpOnlyMode done
Event: 333.622 Executing VM operation: ChangeSingleStep
Event: 333.623 Executing VM operation: ChangeSingleStep done
Event: 333.623 Executing VM operation: ChangeSingleStep
Event: 333.625 Executing VM operation: ChangeSingleStep done
Event: 333.690 Executing VM operation: RedefineClasses
Event: 333.737 Executing VM operation: RedefineClasses done


Dynamic libraries:
0x00007ff7d9750000 - 0x00007ff7d9787000 	C:\Program Files\Java\jdk1.8.0_101\bin\javaw.exe
0x00007ffcd47f0000 - 0x00007ffcd4999000 	C:\WINDOWS\SYSTEM32\ntdll.dll
0x00007ffcd2740000 - 0x00007ffcd287a000 	C:\WINDOWS\system32\KERNEL32.DLL
0x00007ffcd1e20000 - 0x00007ffcd1f2f000 	C:\WINDOWS\system32\KERNELBASE.dll
0x00007ffcd2510000 - 0x00007ffcd25b5000 	C:\WINDOWS\system32\ADVAPI32.dll
0x00007ffcd3e30000 - 0x00007ffcd3fa1000 	C:\WINDOWS\system32\USER32.dll
0x00007ffccf6d0000 - 0x00007ffccf92a000 	C:\WINDOWS\WinSxS\amd64_microsoft.windows.common-controls_6595b64144ccf1df_6.0.9600.16384_none_62475f7becb72503\COMCTL32.dll
0x00007ffcd2450000 - 0x00007ffcd24f7000 	C:\WINDOWS\system32\msvcrt.dll
0x00007ffcd4290000 - 0x00007ffcd42e7000 	C:\WINDOWS\SYSTEM32\sechost.dll
0x00007ffcd42f0000 - 0x00007ffcd4426000 	C:\WINDOWS\system32\RPCRT4.dll
0x00007ffcd22a0000 - 0x00007ffcd23e5000 	C:\WINDOWS\system32\GDI32.dll
0x00007ffcd4610000 - 0x00007ffcd4644000 	C:\WINDOWS\system32\IMM32.DLL
0x00007ffcd2090000 - 0x00007ffcd21c9000 	C:\WINDOWS\system32\MSCTF.dll
0x0000000050100000 - 0x00000000501d2000 	C:\Program Files\Java\jdk1.8.0_101\jre\bin\msvcr100.dll
0x0000000077760000 - 0x0000000077ffa000 	C:\Program Files\Java\jdk1.8.0_101\jre\bin\server\jvm.dll
0x00007ffcce630000 - 0x00007ffcce639000 	C:\WINDOWS\SYSTEM32\WSOCK32.dll
0x00007ffcccfe0000 - 0x00007ffcccfff000 	C:\WINDOWS\SYSTEM32\WINMM.dll
0x00007ffccc690000 - 0x00007ffccc69a000 	C:\WINDOWS\SYSTEM32\VERSION.dll
0x00007ffcd2880000 - 0x00007ffcd2887000 	C:\WINDOWS\system32\PSAPI.DLL
0x00007ffcd23f0000 - 0x00007ffcd2448000 	C:\WINDOWS\system32\WS2_32.dll
0x00007ffcccd90000 - 0x00007ffcccdba000 	C:\WINDOWS\SYSTEM32\WINMMBASE.dll
0x00007ffcd2500000 - 0x00007ffcd2509000 	C:\WINDOWS\system32\NSI.dll
0x00007ffcd1f30000 - 0x00007ffcd1f7a000 	C:\WINDOWS\SYSTEM32\cfgmgr32.dll
0x00007ffcd0a00000 - 0x00007ffcd0a26000 	C:\WINDOWS\SYSTEM32\DEVOBJ.dll
0x00000000500f0000 - 0x00000000500ff000 	C:\Program Files\Java\jdk1.8.0_101\jre\bin\verify.dll
0x00000000500c0000 - 0x00000000500e9000 	C:\Program Files\Java\jdk1.8.0_101\jre\bin\java.dll
0x0000000050080000 - 0x00000000500b5000 	C:\Program Files\Java\jdk1.8.0_101\jre\bin\jdwp.dll
0x0000000050070000 - 0x0000000050078000 	C:\Program Files\Java\jdk1.8.0_101\jre\bin\npt.dll
0x0000000050050000 - 0x0000000050066000 	C:\Program Files\Java\jdk1.8.0_101\jre\bin\zip.dll
0x00007ffcd28f0000 - 0x00007ffcd3cfe000 	C:\WINDOWS\system32\SHELL32.dll
0x00007ffcd4430000 - 0x00007ffcd4607000 	C:\WINDOWS\SYSTEM32\combase.dll
0x00007ffcd4230000 - 0x00007ffcd4281000 	C:\WINDOWS\system32\SHLWAPI.dll
0x00007ffcd0220000 - 0x00007ffcd02c1000 	C:\WINDOWS\SYSTEM32\SHCORE.dll
0x00007ffcd1b70000 - 0x00007ffcd1b84000 	C:\WINDOWS\SYSTEM32\profapi.dll
0x0000000050040000 - 0x0000000050049000 	C:\Program Files\Java\jdk1.8.0_101\jre\bin\dt_socket.dll
0x00007ffcca620000 - 0x00007ffcca634000 	C:\WINDOWS\system32\napinsp.dll
0x00007ffcca600000 - 0x00007ffcca619000 	C:\WINDOWS\system32\pnrpnsp.dll
0x00007ffccd3a0000 - 0x00007ffccd3b9000 	C:\WINDOWS\system32\NLAapi.dll
0x00007ffcd13d0000 - 0x00007ffcd1428000 	C:\WINDOWS\System32\mswsock.dll
0x00007ffcd11e0000 - 0x00007ffcd1283000 	C:\WINDOWS\SYSTEM32\DNSAPI.dll
0x00007ffcca5f0000 - 0x00007ffcca5fc000 	C:\WINDOWS\System32\winrnr.dll
0x00007ffcca5d0000 - 0x00007ffcca5e3000 	C:\WINDOWS\system32\wshbth.dll
0x0000000051600000 - 0x0000000051626000 	C:\Program Files\Bonjour\mdnsNSP.dll
0x00007ffcce210000 - 0x00007ffcce239000 	C:\WINDOWS\SYSTEM32\Iphlpapi.DLL
0x00007ffcce1a0000 - 0x00007ffcce1aa000 	C:\WINDOWS\SYSTEM32\WINNSI.DLL
0x00007ffccc4a0000 - 0x00007ffccc507000 	C:\WINDOWS\System32\fwpuclnt.dll
0x00007ffcca5c0000 - 0x00007ffcca5c9000 	C:\Windows\System32\rasadhlp.dll
0x0000000050030000 - 0x000000005003d000 	C:\Program Files\Java\jdk1.8.0_101\jre\bin\management.dll
0x0000000050010000 - 0x000000005002a000 	C:\Program Files\Java\jdk1.8.0_101\jre\bin\net.dll
0x0000000077740000 - 0x0000000077751000 	C:\Program Files\Java\jdk1.8.0_101\jre\bin\nio.dll
0x00007ffcd1430000 - 0x00007ffcd144e000 	C:\WINDOWS\SYSTEM32\CRYPTSP.dll
0x00007ffcd1070000 - 0x00007ffcd10a5000 	C:\WINDOWS\system32\rsaenh.dll
0x00007ffcd16c0000 - 0x00007ffcd16e6000 	C:\WINDOWS\SYSTEM32\bcrypt.dll
0x00007ffcd1180000 - 0x00007ffcd119f000 	C:\WINDOWS\SYSTEM32\USERENV.dll
0x00007ffcd1a50000 - 0x00007ffcd1aae000 	C:\WINDOWS\system32\bcryptprimitives.dll
0x00007ffcd1ab0000 - 0x00007ffcd1aba000 	C:\WINDOWS\SYSTEM32\CRYPTBASE.dll
0x00007ffccc470000 - 0x00007ffccc484000 	C:\WINDOWS\SYSTEM32\dhcpcsvc6.DLL
0x00007ffccc450000 - 0x00007ffccc469000 	C:\WINDOWS\SYSTEM32\dhcpcsvc.DLL
0x00007ffcc29e0000 - 0x00007ffcc2b68000 	C:\WINDOWS\SYSTEM32\dbghelp.dll

VM Arguments:
jvm_args: -agentlib:jdwp=transport=dt_socket,suspend=y,address=localhost:54089 -Dcom.sun.management.jmxremote -Dcom.sun.management.jmxremote.port=54088 -Dcom.sun.management.jmxremote.authenticate=false -Dcom.sun.management.jmxremote.ssl=false -Djava.rmi.server.hostname=localhost -Dspring.liveBeansView.mbeanDomain -Dspring.application.admin.enabled=true -Xverify:none -XX:TieredStopAtLevel=1 -Dfile.encoding=UTF-8 
java_command: com.userexprior.EatsApplication
java_class_path (initial): F:\EATS_Project\EATS\target\classes;C:\Users\adi\.m2\repository\org\springframework\boot\spring-boot-starter-data-jpa\2.2.1.RELEASE\spring-boot-starter-data-jpa-2.2.1.RELEASE.jar;C:\Users\adi\.m2\repository\org\springframework\boot\spring-boot-starter-aop\2.2.1.RELEASE\spring-boot-starter-aop-2.2.1.RELEASE.jar;C:\Users\adi\.m2\repository\org\springframework\spring-aop\5.2.1.RELEASE\spring-aop-5.2.1.RELEASE.jar;C:\Users\adi\.m2\repository\org\aspectj\aspectjweaver\1.9.4\aspectjweaver-1.9.4.jar;C:\Users\adi\.m2\repository\org\springframework\boot\spring-boot-starter-jdbc\2.2.1.RELEASE\spring-boot-starter-jdbc-2.2.1.RELEASE.jar;C:\Users\adi\.m2\repository\com\zaxxer\HikariCP\3.4.1\HikariCP-3.4.1.jar;C:\Users\adi\.m2\repository\org\springframework\spring-jdbc\5.2.1.RELEASE\spring-jdbc-5.2.1.RELEASE.jar;C:\Users\adi\.m2\repository\jakarta\activation\jakarta.activation-api\1.2.1\jakarta.activation-api-1.2.1.jar;C:\Users\adi\.m2\repository\jakarta\persistence\jakarta.persistence-api\2.2.3\jakarta.persistence-api-2.2.3.jar;C:\Users\adi\.m2\repository\jakarta\transaction\jakarta.transaction-api\1.3.3\jakarta.transaction-api-1.3.3.jar;C:\Users\adi\.m2\repository\org\hibernate\hibernate-core\5.4.8.Final\hibernate-core-5.4.8.Final.jar;C:\Users\adi\.m2\repository\org\jboss\logging\jboss-logging\3.4.1.Final\jboss-logging-3.4.1.Final.jar;C:\Users\adi\.m2\repository\org\javassist\javassist\3.24.0-GA\javassist-3.24.0-GA.jar;C:\Users\adi\.m2\repository\net\bytebuddy\byte-buddy\1.10.2\byte-buddy-1.10.2.jar;C:\Users\adi\.m2\repository\antlr\antlr\2.7.7\antlr-2.7.7.jar;C:\Users\adi\.m2\repository\org\jboss\jandex\2.0.5.Final\jandex-2.0.5.Final.jar;C:\Users\adi\.m2\repository\com\fasterxml\classmate\1.5.1\classmate-1.5.1.jar;C:\Users\adi\.m2\repository\org\dom4j\dom4j\2.1.1\dom4j-2.1.1.jar;C:\Users\adi\.m2\repository\org\hibernate\common\hibernate-commons-annotations\5.1.0.Final\hibernate-commons-annotations-5.1.0.Final.jar;C:\Users\adi\.m2\repository\org\gla
Launcher Type: SUN_STANDARD

Environment Variables:
PATH=C:\Program Files\Java\jdk1.8.0_101\jre\bin;C:/Program Files/Java/jre1.8.0_101/bin/server;C:/Program Files/Java/jre1.8.0_101/bin;C:/Program Files/Java/jre1.8.0_101/lib/amd64;C:\ProgramData\Oracle\Java\javapath;C:\WINDOWS\system32;C:\WINDOWS;C:\WINDOWS\System32\Wbem;C:\WINDOWS\System32\WindowsPowerShell\v1.0\;C:\Program Files\Hewlett-Packard\SimplePass\;C:\Program Files (x86)\C:\Program Files (x86)\Java\Windows Live\Shared;C:\Program Files\TortoiseSVN\bin;C:\Program Files (x86)\Java\jdk1.8.0_101\bin;C:\Program Files (x86)\Java\jdk1.8.0_101\bin;C:\WINDOWS\System32;
USERNAME=sagar
OS=Windows_NT
PROCESSOR_IDENTIFIER=Intel64 Family 6 Model 69 Stepping 1, GenuineIntel



---------------  S Y S T E M  ---------------

OS: Windows 8.1 , 64 bit Build 9600 (6.3.9600.16384)

CPU:total 4 (2 cores per cpu, 2 threads per core) family 6 model 69 stepping 1, cmov, cx8, fxsr, mmx, sse, sse2, sse3, ssse3, sse4.1, sse4.2, popcnt, avx, avx2, aes, clmul, erms, lzcnt, ht, tsc, tscinvbit, bmi1, bmi2

Memory: 4k page, physical 4124500k(1395856k free), swap 6294688k(2267660k free)

vm_info: Java HotSpot(TM) 64-Bit Server VM (25.101-b13) for windows-amd64 JRE (1.8.0_101-b13), built on Jun 22 2016 01:21:29 by "java_re" with MS VC++ 10.0 (VS2010)

time: Sun Nov 24 14:54:13 2019
elapsed time: 334 seconds (0d 0h 5m 34s)

