#
# A fatal error has been detected by the Java Runtime Environment:
#
#  EXCEPTION_ACCESS_VIOLATION (0xc0000005) at pc=0x000000005d66a0a5, pid=7388, tid=0x0000000000001ac8
#
# JRE version: Java(TM) SE Runtime Environment (8.0_101-b13) (build 1.8.0_101-b13)
# Java VM: Java HotSpot(TM) 64-Bit Server VM (25.101-b13 mixed mode windows-amd64 compressed oops)
# Problematic frame:
# V  [jvm.dll+0x12a0a5]
#
# Failed to write core dump. Minidumps are not enabled by default on client versions of Windows
#
# If you would like to submit a bug report, please visit:
#   http://bugreport.java.com/bugreport/crash.jsp
#

---------------  T H R E A D  ---------------

Current thread (0x0000000014ab7800):  JavaThread "JDWP Transport Listener: dt_socket" daemon [_thread_in_vm, id=6856, stack(0x00000000164b0000,0x00000000165b0000)]

siginfo: ExceptionCode=0xc0000005, reading address 0x000000003b747369

Registers:
RAX=0x00000000165af401, RBX=0x0000000014ab7800, RCX=0x000000003b747369, RDX=0x0000000000000000
RSP=0x00000000165af490, RBP=0x000000003b747369, RSI=0x00000000165af5a8, RDI=0x00000000021585c0
R8 =0x0000000014ab7800, R9 =0x000000001b9e0b60, R10=0x00007ffd06040000, R11=0x0000000019960a36
R12=0x0000000000000000, R13=0x0000000014aacc58, R14=0x0000000000000000, R15=0x0000000000000000
RIP=0x000000005d66a0a5, EFLAGS=0x0000000000010206

Top of Stack: (sp=0x00000000165af490)
0x00000000165af490:   0000000014ab7800 0000000014ab7800
0x00000000165af4a0:   00000000165af558 000000005d872f0b
0x00000000165af4b0:   0000000014ab7800 000000005d88f76d
0x00000000165af4c0:   0000000000000000 000000005d4d9155
0x00000000165af4d0:   0000000018c68180 000000005d4e291e
0x00000000165af4e0:   0000000014ab7800 0000000000000000
0x00000000165af4f0:   0000000000000000 0000000000000000
0x00000000165af500:   000000003b747369 000000005d4e1a15
0x00000000165af510:   00000000165af5a8 00000000165af580
0x00000000165af520:   0000000000000001 0000000018c68180
0x00000000165af530:   000000003b747369 000000005d4c53b3
0x00000000165af540:   00000000165af670 0000000000000001
0x00000000165af550:   0000000000000001 0000000018c68180
0x00000000165af560:   00000000f000100a 0000000000000000
0x00000000165af570:   0000000000000000 0000000000000000
0x00000000165af580:   0000000000000001 000000005d4c5571 

Instructions: (pc=0x000000005d66a0a5)
0x000000005d66a085:   cc cc cc cc cc cc cc cc cc cc cc 48 83 ec 28 48
0x000000005d66a095:   85 c9 75 07 33 c0 48 83 c4 28 c3 48 89 5c 24 20
0x000000005d66a0a5:   48 8b 19 48 85 db 74 20 48 83 fb 37 74 1a 48 8b
0x000000005d66a0b5:   13 48 8b cb ff 52 10 84 c0 74 0d 48 8b c3 48 8b 


Register to memory mapping:

RAX=0x00000000165af401 is pointing into the stack for thread: 0x0000000014ab7800
RBX=0x0000000014ab7800 is a thread
RCX=0x000000003b747369 is an unknown value
RDX=0x0000000000000000 is an unknown value
RSP=0x00000000165af490 is pointing into the stack for thread: 0x0000000014ab7800
RBP=0x000000003b747369 is an unknown value
RSI=0x00000000165af5a8 is pointing into the stack for thread: 0x0000000014ab7800
RDI=0x00000000021585c0 is an unknown value
R8 =0x0000000014ab7800 is a thread
R9 =0x000000001b9e0b60 is an unknown value
R10=0x00007ffd06040000 is an unknown value
R11=0x0000000019960a36 is an unknown value
R12=0x0000000000000000 is an unknown value
R13=0x0000000014aacc58 is an unknown value
R14=0x0000000000000000 is an unknown value
R15=0x0000000000000000 is an unknown value


Stack: [0x00000000164b0000,0x00000000165b0000],  sp=0x00000000165af490,  free space=1021k
Native frames: (J=compiled Java code, j=interpreted, Vv=VM code, C=native code)
V  [jvm.dll+0x12a0a5]
V  [jvm.dll+0x34f76d]
C  [jdwp.dll+0x21a15]
C  [jdwp.dll+0x53b3]
C  [jdwp.dll+0x5571]
C  [jdwp.dll+0xf0a8]
C  [jdwp.dll+0x1f2d5]
C  [jdwp.dll+0x1f4aa]
V  [jvm.dll+0x1bd258]
V  [jvm.dll+0x2451a4]
V  [jvm.dll+0x29c18a]
C  [msvcr100.dll+0x21d9f]
C  [msvcr100.dll+0x21e3b]
C  [KERNEL32.DLL+0x1611]
C  [ntdll.dll+0x764ad]


---------------  P R O C E S S  ---------------

Java Threads: ( => current thread )
  0x000000001b952000 JavaThread "DestroyJavaVM" [_thread_blocked, id=7628, stack(0x0000000002270000,0x0000000002370000)]
  0x000000001b94f800 JavaThread "http-nio-8080-Acceptor" daemon [_thread_in_native, id=5600, stack(0x000000001db50000,0x000000001dc50000)]
  0x000000001b952800 JavaThread "http-nio-8080-ClientPoller" daemon [_thread_in_native, id=6388, stack(0x000000001da50000,0x000000001db50000)]
  0x000000001b94c000 JavaThread "http-nio-8080-exec-10" daemon [_thread_blocked, id=7696, stack(0x000000001d950000,0x000000001da50000)]
  0x000000001b94d800 JavaThread "http-nio-8080-exec-9" daemon [_thread_blocked, id=7364, stack(0x000000001d850000,0x000000001d950000)]
  0x000000001b94e000 JavaThread "http-nio-8080-exec-8" daemon [_thread_blocked, id=7412, stack(0x000000001d750000,0x000000001d850000)]
  0x000000001b94f000 JavaThread "http-nio-8080-exec-7" daemon [_thread_blocked, id=8020, stack(0x000000001d650000,0x000000001d750000)]
  0x000000001b94c800 JavaThread "http-nio-8080-exec-6" daemon [_thread_blocked, id=3280, stack(0x000000001d550000,0x000000001d650000)]
  0x000000001963a800 JavaThread "http-nio-8080-exec-5" daemon [_thread_blocked, id=4668, stack(0x000000001d450000,0x000000001d550000)]
  0x000000001963a000 JavaThread "http-nio-8080-exec-4" daemon [_thread_blocked, id=820, stack(0x000000001d350000,0x000000001d450000)]
  0x000000001963c000 JavaThread "http-nio-8080-exec-3" daemon [_thread_blocked, id=7156, stack(0x000000001d250000,0x000000001d350000)]
  0x000000001963b800 JavaThread "http-nio-8080-exec-2" daemon [_thread_blocked, id=5912, stack(0x000000001d150000,0x000000001d250000)]
  0x0000000019636000 JavaThread "http-nio-8080-exec-1" daemon [_thread_blocked, id=3784, stack(0x000000001d050000,0x000000001d150000)]
  0x0000000019638800 JavaThread "http-nio-8080-BlockPoller" daemon [_thread_in_native, id=7208, stack(0x000000001cf50000,0x000000001d050000)]
  0x0000000019637000 JavaThread "File Watcher" daemon [_thread_blocked, id=4660, stack(0x000000001c950000,0x000000001ca50000)]
  0x0000000019639000 JavaThread "Live Reload Server" daemon [_thread_in_native, id=6564, stack(0x000000001ca50000,0x000000001cb50000)]
  0x0000000019635800 JavaThread "HikariPool-1 housekeeper" daemon [_thread_blocked, id=4540, stack(0x000000001af80000,0x000000001b080000)]
  0x00000000192e1000 JavaThread "mysql-cj-abandoned-connection-cleanup" daemon [_thread_blocked, id=2472, stack(0x000000001a680000,0x000000001a780000)]
  0x00000000192dd800 JavaThread "container-0" [_thread_blocked, id=3184, stack(0x000000001a580000,0x000000001a680000)]
  0x00000000192ea000 JavaThread "Catalina-utility-2" [_thread_blocked, id=1028, stack(0x000000001a480000,0x000000001a580000)]
  0x0000000018e97000 JavaThread "Catalina-utility-1" [_thread_blocked, id=4844, stack(0x00000000183b0000,0x00000000184b0000)]
  0x000000001712e800 JavaThread "RMI TCP Accept-0" daemon [_thread_in_native, id=3112, stack(0x00000000179b0000,0x0000000017ab0000)]
  0x0000000017120800 JavaThread "RMI TCP Accept-49955" daemon [_thread_in_native, id=4764, stack(0x00000000178b0000,0x00000000179b0000)]
  0x0000000017110000 JavaThread "RMI TCP Accept-0" daemon [_thread_in_native, id=5744, stack(0x00000000177b0000,0x00000000178b0000)]
  0x00000000168e1000 JavaThread "Service Thread" daemon [_thread_blocked, id=5784, stack(0x0000000016eb0000,0x0000000016fb0000)]
  0x00000000168da000 JavaThread "C1 CompilerThread2" daemon [_thread_blocked, id=6256, stack(0x0000000016db0000,0x0000000016eb0000)]
  0x0000000014afe000 JavaThread "C2 CompilerThread1" daemon [_thread_blocked, id=3552, stack(0x0000000016cb0000,0x0000000016db0000)]
  0x0000000014aca800 JavaThread "C2 CompilerThread0" daemon [_thread_blocked, id=5080, stack(0x00000000167b0000,0x00000000168b0000)]
  0x0000000014abe800 JavaThread "JDWP Command Reader" daemon [_thread_in_native, id=6900, stack(0x00000000166b0000,0x00000000167b0000)]
  0x0000000014abb000 JavaThread "JDWP Event Helper Thread" daemon [_thread_blocked, id=5996, stack(0x00000000165b0000,0x00000000166b0000)]
=>0x0000000014ab7800 JavaThread "JDWP Transport Listener: dt_socket" daemon [_thread_in_vm, id=6856, stack(0x00000000164b0000,0x00000000165b0000)]
  0x0000000014aa2800 JavaThread "Attach Listener" daemon [_thread_blocked, id=2284, stack(0x0000000015fe0000,0x00000000160e0000)]
  0x0000000014aa1000 JavaThread "Signal Dispatcher" daemon [_thread_blocked, id=7336, stack(0x0000000015ee0000,0x0000000015fe0000)]
  0x000000000246e800 JavaThread "Finalizer" daemon [_thread_blocked, id=7636, stack(0x0000000015d00000,0x0000000015e00000)]
  0x0000000014a69000 JavaThread "Reference Handler" daemon [_thread_blocked, id=4992, stack(0x0000000015c00000,0x0000000015d00000)]

Other Threads:
  0x0000000014a67000 VMThread [stack: 0x0000000015b00000,0x0000000015c00000] [id=3864]
  0x0000000017132800 WatcherThread [stack: 0x0000000017ab0000,0x0000000017bb0000] [id=6372]

VM state:not at safepoint (normal execution)

VM Mutex/Monitor currently owned by a thread: None

Heap:
 PSYoungGen      total 206848K, used 29570K [0x00000000eb000000, 0x00000000feb00000, 0x0000000100000000)
  eden space 194560K, 8% used [0x00000000eb000000,0x00000000ec0e48e0,0x00000000f6e00000)
  from space 12288K, 99% used [0x00000000f6e00000,0x00000000f79fc158,0x00000000f7a00000)
  to   space 17920K, 0% used [0x00000000fd980000,0x00000000fd980000,0x00000000feb00000)
 ParOldGen       total 42496K, used 27699K [0x00000000c1000000, 0x00000000c3980000, 0x00000000eb000000)
  object space 42496K, 65% used [0x00000000c1000000,0x00000000c2b0ccf0,0x00000000c3980000)
 Metaspace       used 53532K, capacity 56426K, committed 56704K, reserved 1097728K
  class space    used 7445K, capacity 7974K, committed 8064K, reserved 1048576K

Card table byte_map: [0x0000000011830000,0x0000000011a30000] byte_map_base: 0x0000000011228000

Marking Bits: (ParMarkBitMap*) 0x000000005dd5a6d0
 Begin Bits: [0x0000000011f80000, 0x0000000012f40000)
 End Bits:   [0x0000000012f40000, 0x0000000013f00000)

Polling page: 0x00000000009b0000

CodeCache: size=245760Kb used=7589Kb max_used=7589Kb free=238170Kb
 bounds [0x0000000002470000, 0x0000000002be0000, 0x0000000011470000]
 total_blobs=4497 nmethods=3935 adapters=481
 compilation: enabled

Compilation events (10 events):
Event: 528.157 Thread 0x00000000168da000 3997       1       org.apache.catalina.mapper.MapperListener::lifecycleEvent (178 bytes)
Event: 528.158 Thread 0x00000000168da000 nmethod 3997 0x0000000002bd9450 code [0x0000000002bd9680, 0x0000000002bd9e28]
Event: 553.006 Thread 0x00000000168da000 3998       1       sun.misc.URLClassPath$FileLoader$1::getURL (5 bytes)
Event: 553.006 Thread 0x00000000168da000 nmethod 3998 0x0000000002bda250 code [0x0000000002bda3a0, 0x0000000002bda4b0]
Event: 639.260 Thread 0x00000000168da000 4000       1       java.util.concurrent.atomic.AtomicIntegerFieldUpdater$AtomicIntegerFieldUpdaterImpl::accessCheck (17 bytes)
Event: 639.260 Thread 0x00000000168da000 nmethod 4000 0x0000000002bda510 code [0x0000000002bda680, 0x0000000002bda7e8]
Event: 639.260 Thread 0x00000000168da000 4001       1       com.zaxxer.hikari.pool.PoolEntry::getState (8 bytes)
Event: 639.261 Thread 0x00000000168da000 nmethod 4001 0x0000000002bda890 code [0x0000000002bdaa00, 0x0000000002bdab88]
Event: 648.440 Thread 0x00000000168da000 4002       1       org.apache.catalina.core.StandardWrapper::getServlet (5 bytes)
Event: 648.440 Thread 0x00000000168da000 nmethod 4002 0x0000000002bdac50 code [0x0000000002bdada0, 0x0000000002bdaeb0]

GC Heap History (10 events):
Event: 3.708 GC heap before
{Heap before GC invocations=9 (full 1):
 PSYoungGen      total 135680K, used 3061K [0x00000000eb000000, 0x00000000f3c00000, 0x0000000100000000)
  eden space 129024K, 0% used [0x00000000eb000000,0x00000000eb000000,0x00000000f2e00000)
  from space 6656K, 45% used [0x00000000f3580000,0x00000000f387d6d0,0x00000000f3c00000)
  to   space 7168K, 0% used [0x00000000f2e00000,0x00000000f2e00000,0x00000000f3500000)
 ParOldGen       total 44032K, used 6869K [0x00000000c1000000, 0x00000000c3b00000, 0x00000000eb000000)
  object space 44032K, 15% used [0x00000000c1000000,0x00000000c16b54d0,0x00000000c3b00000)
 Metaspace       used 20577K, capacity 21270K, committed 21296K, reserved 1067008K
  class space    used 2720K, capacity 2921K, committed 2944K, reserved 1048576K
Event: 3.770 GC heap after
Heap after GC invocations=9 (full 1):
 PSYoungGen      total 135680K, used 0K [0x00000000eb000000, 0x00000000f3c00000, 0x0000000100000000)
  eden space 129024K, 0% used [0x00000000eb000000,0x00000000eb000000,0x00000000f2e00000)
  from space 6656K, 0% used [0x00000000f3580000,0x00000000f3580000,0x00000000f3c00000)
  to   space 7168K, 0% used [0x00000000f2e00000,0x00000000f2e00000,0x00000000f3500000)
 ParOldGen       total 26624K, used 5260K [0x00000000c1000000, 0x00000000c2a00000, 0x00000000eb000000)
  object space 26624K, 19% used [0x00000000c1000000,0x00000000c1523238,0x00000000c2a00000)
 Metaspace       used 20576K, capacity 21264K, committed 21296K, reserved 1067008K
  class space    used 2719K, capacity 2920K, committed 2944K, reserved 1048576K
}
Event: 7.247 GC heap before
{Heap before GC invocations=10 (full 1):
 PSYoungGen      total 135680K, used 128982K [0x00000000eb000000, 0x00000000f3c00000, 0x0000000100000000)
  eden space 129024K, 99% used [0x00000000eb000000,0x00000000f2df5b70,0x00000000f2e00000)
  from space 6656K, 0% used [0x00000000f3580000,0x00000000f3580000,0x00000000f3c00000)
  to   space 7168K, 0% used [0x00000000f2e00000,0x00000000f2e00000,0x00000000f3500000)
 ParOldGen       total 26624K, used 5260K [0x00000000c1000000, 0x00000000c2a00000, 0x00000000eb000000)
  object space 26624K, 19% used [0x00000000c1000000,0x00000000c1523238,0x00000000c2a00000)
 Metaspace       used 27481K, capacity 29184K, committed 29440K, reserved 1075200K
  class space    used 3752K, capacity 4058K, committed 4096K, reserved 1048576K
Event: 7.268 GC heap after
Heap after GC invocations=10 (full 1):
 PSYoungGen      total 136192K, used 7147K [0x00000000eb000000, 0x00000000f8480000, 0x0000000100000000)
  eden space 129024K, 0% used [0x00000000eb000000,0x00000000eb000000,0x00000000f2e00000)
  from space 7168K, 99% used [0x00000000f2e00000,0x00000000f34fac08,0x00000000f3500000)
  to   space 10240K, 0% used [0x00000000f7a80000,0x00000000f7a80000,0x00000000f8480000)
 ParOldGen       total 26624K, used 9944K [0x00000000c1000000, 0x00000000c2a00000, 0x00000000eb000000)
  object space 26624K, 37% used [0x00000000c1000000,0x00000000c19b6030,0x00000000c2a00000)
 Metaspace       used 27481K, capacity 29184K, committed 29440K, reserved 1075200K
  class space    used 3752K, capacity 4058K, committed 4096K, reserved 1048576K
}
Event: 8.706 GC heap before
{Heap before GC invocations=11 (full 1):
 PSYoungGen      total 136192K, used 112327K [0x00000000eb000000, 0x00000000f8480000, 0x0000000100000000)
  eden space 129024K, 81% used [0x00000000eb000000,0x00000000f16b73c8,0x00000000f2e00000)
  from space 7168K, 99% used [0x00000000f2e00000,0x00000000f34fac08,0x00000000f3500000)
  to   space 10240K, 0% used [0x00000000f7a80000,0x00000000f7a80000,0x00000000f8480000)
 ParOldGen       total 26624K, used 9944K [0x00000000c1000000, 0x00000000c2a00000, 0x00000000eb000000)
  object space 26624K, 37% used [0x00000000c1000000,0x00000000c19b6030,0x00000000c2a00000)
 Metaspace       used 33660K, capacity 35404K, committed 35496K, reserved 1079296K
  class space    used 4727K, capacity 5040K, committed 5120K, reserved 1048576K
Event: 8.728 GC heap after
Heap after GC invocations=11 (full 1):
 PSYoungGen      total 204800K, used 10209K [0x00000000eb000000, 0x00000000f8600000, 0x0000000100000000)
  eden space 194560K, 0% used [0x00000000eb000000,0x00000000eb000000,0x00000000f6e00000)
  from space 10240K, 99% used [0x00000000f7a80000,0x00000000f84787f0,0x00000000f8480000)
  to   space 12288K, 0% used [0x00000000f6e00000,0x00000000f6e00000,0x00000000f7a00000)
 ParOldGen       total 26624K, used 11379K [0x00000000c1000000, 0x00000000c2a00000, 0x00000000eb000000)
  object space 26624K, 42% used [0x00000000c1000000,0x00000000c1b1cee8,0x00000000c2a00000)
 Metaspace       used 33660K, capacity 35404K, committed 35496K, reserved 1079296K
  class space    used 4727K, capacity 5040K, committed 5120K, reserved 1048576K
}
Event: 8.728 GC heap before
{Heap before GC invocations=12 (full 2):
 PSYoungGen      total 204800K, used 10209K [0x00000000eb000000, 0x00000000f8600000, 0x0000000100000000)
  eden space 194560K, 0% used [0x00000000eb000000,0x00000000eb000000,0x00000000f6e00000)
  from space 10240K, 99% used [0x00000000f7a80000,0x00000000f84787f0,0x00000000f8480000)
  to   space 12288K, 0% used [0x00000000f6e00000,0x00000000f6e00000,0x00000000f7a00000)
 ParOldGen       total 26624K, used 11379K [0x00000000c1000000, 0x00000000c2a00000, 0x00000000eb000000)
  object space 26624K, 42% used [0x00000000c1000000,0x00000000c1b1cee8,0x00000000c2a00000)
 Metaspace       used 33660K, capacity 35404K, committed 35496K, reserved 1079296K
  class space    used 4727K, capacity 5040K, committed 5120K, reserved 1048576K
Event: 8.823 GC heap after
Heap after GC invocations=12 (full 2):
 PSYoungGen      total 204800K, used 0K [0x00000000eb000000, 0x00000000f8600000, 0x0000000100000000)
  eden space 194560K, 0% used [0x00000000eb000000,0x00000000eb000000,0x00000000f6e00000)
  from space 10240K, 0% used [0x00000000f7a80000,0x00000000f7a80000,0x00000000f8480000)
  to   space 12288K, 0% used [0x00000000f6e00000,0x00000000f6e00000,0x00000000f7a00000)
 ParOldGen       total 42496K, used 16429K [0x00000000c1000000, 0x00000000c3980000, 0x00000000eb000000)
  object space 42496K, 38% used [0x00000000c1000000,0x00000000c200b620,0x00000000c3980000)
 Metaspace       used 33660K, capacity 35404K, committed 35496K, reserved 1079296K
  class space    used 4727K, capacity 5040K, committed 5120K, reserved 1048576K
}
Event: 383.341 GC heap before
{Heap before GC invocations=13 (full 2):
 PSYoungGen      total 204800K, used 194560K [0x00000000eb000000, 0x00000000f8600000, 0x0000000100000000)
  eden space 194560K, 100% used [0x00000000eb000000,0x00000000f6e00000,0x00000000f6e00000)
  from space 10240K, 0% used [0x00000000f7a80000,0x00000000f7a80000,0x00000000f8480000)
  to   space 12288K, 0% used [0x00000000f6e00000,0x00000000f6e00000,0x00000000f7a00000)
 ParOldGen       total 42496K, used 16429K [0x00000000c1000000, 0x00000000c3980000, 0x00000000eb000000)
  object space 42496K, 38% used [0x00000000c1000000,0x00000000c200b620,0x00000000c3980000)
 Metaspace       used 53519K, capacity 56362K, committed 56704K, reserved 1097728K
  class space    used 7445K, capacity 7974K, committed 8064K, reserved 1048576K
Event: 383.408 GC heap after
Heap after GC invocations=13 (full 2):
 PSYoungGen      total 206848K, used 12272K [0x00000000eb000000, 0x00000000feb00000, 0x0000000100000000)
  eden space 194560K, 0% used [0x00000000eb000000,0x00000000eb000000,0x00000000f6e00000)
  from space 12288K, 99% used [0x00000000f6e00000,0x00000000f79fc158,0x00000000f7a00000)
  to   space 17920K, 0% used [0x00000000fd980000,0x00000000fd980000,0x00000000feb00000)
 ParOldGen       total 42496K, used 27699K [0x00000000c1000000, 0x00000000c3980000, 0x00000000eb000000)
  object space 42496K, 65% used [0x00000000c1000000,0x00000000c2b0ccf0,0x00000000c3980000)
 Metaspace       used 53519K, capacity 56362K, committed 56704K, reserved 1097728K
  class space    used 7445K, capacity 7974K, committed 8064K, reserved 1048576K
}

Deoptimization events (0 events):
No events

Internal exceptions (10 events):
Event: 12.893 Thread 0x00000000173f7800 Exception <a 'java/lang/ArrayIndexOutOfBoundsException'> (0x00000000f2df8ca8) thrown at [C:\re\workspace\8-2-build-windows-amd64-cygwin\jdk8u101\7261\hotspot\src\share\vm\runtime\sharedRuntime.cpp, line 605]
Event: 29.814 Thread 0x000000001963a000 Exception <a 'java/lang/NoClassDefFoundError': org/joda/time/format/ISODateTimeFormat> (0x00000000f4f22f60) thrown at [C:\re\workspace\8-2-build-windows-amd64-cygwin\jdk8u101\7261\hotspot\src\share\vm\classfile\systemDictionary.cpp, line 199]
Event: 29.814 Thread 0x000000001963a000 Exception <a 'java/lang/NoClassDefFoundError'> (0x00000000f4f22f60) thrown at [C:\re\workspace\8-2-build-windows-amd64-cygwin\jdk8u101\7261\hotspot\src\share\vm\oops\instanceKlass.cpp, line 964]
Event: 29.814 Thread 0x000000001963a000 Exception <a 'java/lang/NoClassDefFoundError'> (0x00000000f4f22f60) thrown at [C:\re\workspace\8-2-build-windows-amd64-cygwin\jdk8u101\7261\hotspot\src\share\vm\oops\instanceKlass.cpp, line 913]
Event: 29.967 Thread 0x000000001963a000 Exception <a 'java/lang/NoClassDefFoundError': org/joda/time/DateTime> (0x00000000f51f0200) thrown at [C:\re\workspace\8-2-build-windows-amd64-cygwin\jdk8u101\7261\hotspot\src\share\vm\classfile\systemDictionary.cpp, line 199]
Event: 29.967 Thread 0x000000001963a000 Exception <a 'java/lang/NoClassDefFoundError'> (0x00000000f51f0200) thrown at [C:\re\workspace\8-2-build-windows-amd64-cygwin\jdk8u101\7261\hotspot\src\share\vm\oops\instanceKlass.cpp, line 964]
Event: 30.059 Thread 0x000000001963a000 Exception <a 'java/lang/ArrayIndexOutOfBoundsException'> (0x00000000f53db738) thrown at [C:\re\workspace\8-2-build-windows-amd64-cygwin\jdk8u101\7261\hotspot\src\share\vm\runtime\sharedRuntime.cpp, line 605]
Event: 30.062 Thread 0x000000001963a000 Exception <a 'java/lang/ArrayIndexOutOfBoundsException'> (0x00000000f53f51f0) thrown at [C:\re\workspace\8-2-build-windows-amd64-cygwin\jdk8u101\7261\hotspot\src\share\vm\runtime\sharedRuntime.cpp, line 605]
Event: 69.558 Thread 0x000000001963a800 Exception <a 'java/lang/ArrayIndexOutOfBoundsException': 183> (0x00000000f5f93108) thrown at [C:\re\workspace\8-2-build-windows-amd64-cygwin\jdk8u101\7261\hotspot\src\share\vm\interpreter\interpreterRuntime.cpp, line 366]
Event: 71.656 Thread 0x000000001963a800 Exception <a 'java/lang/ArrayIndexOutOfBoundsException': 39> (0x00000000f6238170) thrown at [C:\re\workspace\8-2-build-windows-amd64-cygwin\jdk8u101\7261\hotspot\src\share\vm\interpreter\interpreterRuntime.cpp, line 366]

Events (10 events):
Event: 265.028 Thread 0x00000000168da000 flushing nmethod 0x0000000002a3e050
Event: 269.027 Thread 0x00000000168da000 flushing nmethod 0x0000000002b56c10
Event: 269.027 Thread 0x00000000168da000 flushing nmethod 0x0000000002b57110
Event: 269.645 Thread 0x00000000168da000 flushing nmethod 0x0000000002b7be90
Event: 383.341 Executing VM operation: ParallelGCFailedAllocation
Event: 383.408 Executing VM operation: ParallelGCFailedAllocation done
Event: 383.412 Executing VM operation: RevokeBias
Event: 383.413 Executing VM operation: RevokeBias done
Event: 691.625 Executing VM operation: RedefineClasses
Event: 691.671 Executing VM operation: RedefineClasses done


Dynamic libraries:
0x00007ff7077a0000 - 0x00007ff7077d7000 	C:\Program Files\Java\jdk1.8.0_101\bin\javaw.exe
0x00007ffd06040000 - 0x00007ffd061e9000 	C:\WINDOWS\SYSTEM32\ntdll.dll
0x00007ffd03a60000 - 0x00007ffd03b9a000 	C:\WINDOWS\system32\KERNEL32.DLL
0x00007ffd03590000 - 0x00007ffd0369f000 	C:\WINDOWS\system32\KERNELBASE.dll
0x00007ffd04130000 - 0x00007ffd041d5000 	C:\WINDOWS\system32\ADVAPI32.dll
0x00007ffd038d0000 - 0x00007ffd03a41000 	C:\WINDOWS\system32\USER32.dll
0x00007ffd01170000 - 0x00007ffd013ca000 	C:\WINDOWS\WinSxS\amd64_microsoft.windows.common-controls_6595b64144ccf1df_6.0.9600.16384_none_62475f7becb72503\COMCTL32.dll
0x00007ffd041e0000 - 0x00007ffd04287000 	C:\WINDOWS\system32\msvcrt.dll
0x00007ffd04290000 - 0x00007ffd042e7000 	C:\WINDOWS\SYSTEM32\sechost.dll
0x00007ffd05b10000 - 0x00007ffd05c46000 	C:\WINDOWS\system32\RPCRT4.dll
0x00007ffd05960000 - 0x00007ffd05aa5000 	C:\WINDOWS\system32\GDI32.dll
0x00007ffd040e0000 - 0x00007ffd04114000 	C:\WINDOWS\system32\IMM32.DLL
0x00007ffd03f00000 - 0x00007ffd04039000 	C:\WINDOWS\system32\MSCTF.dll
0x000000005dde0000 - 0x000000005deb2000 	C:\Program Files\Java\jdk1.8.0_101\jre\bin\msvcr100.dll
0x000000005d540000 - 0x000000005ddda000 	C:\Program Files\Java\jdk1.8.0_101\jre\bin\server\jvm.dll
0x00007ffcfedd0000 - 0x00007ffcfedd9000 	C:\WINDOWS\SYSTEM32\WSOCK32.dll
0x00007ffcfe720000 - 0x00007ffcfe73f000 	C:\WINDOWS\SYSTEM32\WINMM.dll
0x00007ffcfeff0000 - 0x00007ffcfeffa000 	C:\WINDOWS\SYSTEM32\VERSION.dll
0x00007ffd042f0000 - 0x00007ffd042f7000 	C:\WINDOWS\system32\PSAPI.DLL
0x00007ffd043b0000 - 0x00007ffd04408000 	C:\WINDOWS\system32\WS2_32.dll
0x00007ffcfe6f0000 - 0x00007ffcfe71a000 	C:\WINDOWS\SYSTEM32\WINMMBASE.dll
0x00007ffd05c50000 - 0x00007ffd05c59000 	C:\WINDOWS\system32\NSI.dll
0x00007ffd036a0000 - 0x00007ffd036ea000 	C:\WINDOWS\SYSTEM32\cfgmgr32.dll
0x00007ffd02250000 - 0x00007ffd02276000 	C:\WINDOWS\SYSTEM32\DEVOBJ.dll
0x000000005d530000 - 0x000000005d53f000 	C:\Program Files\Java\jdk1.8.0_101\jre\bin\verify.dll
0x000000005d500000 - 0x000000005d529000 	C:\Program Files\Java\jdk1.8.0_101\jre\bin\java.dll
0x000000005d4c0000 - 0x000000005d4f5000 	C:\Program Files\Java\jdk1.8.0_101\jre\bin\jdwp.dll
0x000000005d4b0000 - 0x000000005d4b8000 	C:\Program Files\Java\jdk1.8.0_101\jre\bin\npt.dll
0x000000005d490000 - 0x000000005d4a6000 	C:\Program Files\Java\jdk1.8.0_101\jre\bin\zip.dll
0x00007ffd04550000 - 0x00007ffd0595e000 	C:\WINDOWS\system32\SHELL32.dll
0x00007ffd05c60000 - 0x00007ffd05e37000 	C:\WINDOWS\SYSTEM32\combase.dll
0x00007ffd044f0000 - 0x00007ffd04541000 	C:\WINDOWS\system32\SHLWAPI.dll
0x00007ffd01a10000 - 0x00007ffd01ab1000 	C:\WINDOWS\SYSTEM32\SHCORE.dll
0x00007ffd033c0000 - 0x00007ffd033d4000 	C:\WINDOWS\SYSTEM32\profapi.dll
0x000000005d480000 - 0x000000005d489000 	C:\Program Files\Java\jdk1.8.0_101\jre\bin\dt_socket.dll
0x00007ffcfbe70000 - 0x00007ffcfbe84000 	C:\WINDOWS\system32\napinsp.dll
0x00007ffcfbe50000 - 0x00007ffcfbe69000 	C:\WINDOWS\system32\pnrpnsp.dll
0x00007ffcfebe0000 - 0x00007ffcfebf9000 	C:\WINDOWS\system32\NLAapi.dll
0x00007ffd02c20000 - 0x00007ffd02c78000 	C:\WINDOWS\System32\mswsock.dll
0x00007ffd02a30000 - 0x00007ffd02ad3000 	C:\WINDOWS\SYSTEM32\DNSAPI.dll
0x00007ffcfbe40000 - 0x00007ffcfbe4c000 	C:\WINDOWS\System32\winrnr.dll
0x00007ffcfbe20000 - 0x00007ffcfbe33000 	C:\WINDOWS\system32\wshbth.dll
0x000000005efc0000 - 0x000000005efe6000 	C:\Program Files\Bonjour\mdnsNSP.dll
0x00007ffcffa60000 - 0x00007ffcffa89000 	C:\WINDOWS\SYSTEM32\Iphlpapi.DLL
0x00007ffcff9f0000 - 0x00007ffcff9fa000 	C:\WINDOWS\SYSTEM32\WINNSI.DLL
0x00007ffcfdc80000 - 0x00007ffcfdce7000 	C:\WINDOWS\System32\fwpuclnt.dll
0x00007ffcfbe10000 - 0x00007ffcfbe19000 	C:\Windows\System32\rasadhlp.dll
0x000000005d470000 - 0x000000005d47d000 	C:\Program Files\Java\jdk1.8.0_101\jre\bin\management.dll
0x000000005d450000 - 0x000000005d46a000 	C:\Program Files\Java\jdk1.8.0_101\jre\bin\net.dll
0x000000005d430000 - 0x000000005d441000 	C:\Program Files\Java\jdk1.8.0_101\jre\bin\nio.dll
0x00007ffd02c80000 - 0x00007ffd02c9e000 	C:\WINDOWS\SYSTEM32\CRYPTSP.dll
0x00007ffd028c0000 - 0x00007ffd028f5000 	C:\WINDOWS\system32\rsaenh.dll
0x00007ffd02f10000 - 0x00007ffd02f36000 	C:\WINDOWS\SYSTEM32\bcrypt.dll
0x00007ffd029d0000 - 0x00007ffd029ef000 	C:\WINDOWS\SYSTEM32\USERENV.dll
0x00007ffd03270000 - 0x00007ffd032ce000 	C:\WINDOWS\system32\bcryptprimitives.dll
0x00007ffd033b0000 - 0x00007ffd033ba000 	C:\WINDOWS\SYSTEM32\CRYPTBASE.dll
0x00007ffcfd7d0000 - 0x00007ffcfd7e4000 	C:\WINDOWS\SYSTEM32\dhcpcsvc6.DLL
0x00007ffcfdc40000 - 0x00007ffcfdc59000 	C:\WINDOWS\SYSTEM32\dhcpcsvc.DLL
0x00007ffcf7350000 - 0x00007ffcf74d8000 	C:\WINDOWS\SYSTEM32\dbghelp.dll

VM Arguments:
jvm_args: -agentlib:jdwp=transport=dt_socket,suspend=y,address=localhost:49956 -Dcom.sun.management.jmxremote -Dcom.sun.management.jmxremote.port=49955 -Dcom.sun.management.jmxremote.authenticate=false -Dcom.sun.management.jmxremote.ssl=false -Djava.rmi.server.hostname=localhost -Dspring.liveBeansView.mbeanDomain -Dspring.application.admin.enabled=true -Xverify:none -XX:TieredStopAtLevel=1 -Dfile.encoding=UTF-8 
java_command: com.userexprior.EatsApplication
java_class_path (initial): F:\EATS_Project\EATS\target\classes;C:\Users\adi\.m2\repository\org\springframework\boot\spring-boot-starter-data-jpa\2.2.1.RELEASE\spring-boot-starter-data-jpa-2.2.1.RELEASE.jar;C:\Users\adi\.m2\repository\org\springframework\boot\spring-boot-starter-aop\2.2.1.RELEASE\spring-boot-starter-aop-2.2.1.RELEASE.jar;C:\Users\adi\.m2\repository\org\springframework\spring-aop\5.2.1.RELEASE\spring-aop-5.2.1.RELEASE.jar;C:\Users\adi\.m2\repository\org\aspectj\aspectjweaver\1.9.4\aspectjweaver-1.9.4.jar;C:\Users\adi\.m2\repository\org\springframework\boot\spring-boot-starter-jdbc\2.2.1.RELEASE\spring-boot-starter-jdbc-2.2.1.RELEASE.jar;C:\Users\adi\.m2\repository\com\zaxxer\HikariCP\3.4.1\HikariCP-3.4.1.jar;C:\Users\adi\.m2\repository\org\springframework\spring-jdbc\5.2.1.RELEASE\spring-jdbc-5.2.1.RELEASE.jar;C:\Users\adi\.m2\repository\jakarta\activation\jakarta.activation-api\1.2.1\jakarta.activation-api-1.2.1.jar;C:\Users\adi\.m2\repository\jakarta\persistence\jakarta.persistence-api\2.2.3\jakarta.persistence-api-2.2.3.jar;C:\Users\adi\.m2\repository\jakarta\transaction\jakarta.transaction-api\1.3.3\jakarta.transaction-api-1.3.3.jar;C:\Users\adi\.m2\repository\org\hibernate\hibernate-core\5.4.8.Final\hibernate-core-5.4.8.Final.jar;C:\Users\adi\.m2\repository\org\jboss\logging\jboss-logging\3.4.1.Final\jboss-logging-3.4.1.Final.jar;C:\Users\adi\.m2\repository\org\javassist\javassist\3.24.0-GA\javassist-3.24.0-GA.jar;C:\Users\adi\.m2\repository\net\bytebuddy\byte-buddy\1.10.2\byte-buddy-1.10.2.jar;C:\Users\adi\.m2\repository\antlr\antlr\2.7.7\antlr-2.7.7.jar;C:\Users\adi\.m2\repository\org\jboss\jandex\2.0.5.Final\jandex-2.0.5.Final.jar;C:\Users\adi\.m2\repository\com\fasterxml\classmate\1.5.1\classmate-1.5.1.jar;C:\Users\adi\.m2\repository\org\dom4j\dom4j\2.1.1\dom4j-2.1.1.jar;C:\Users\adi\.m2\repository\org\hibernate\common\hibernate-commons-annotations\5.1.0.Final\hibernate-commons-annotations-5.1.0.Final.jar;C:\Users\adi\.m2\repository\org\gla
Launcher Type: SUN_STANDARD

Environment Variables:
PATH=C:\Program Files\Java\jdk1.8.0_101\jre\bin;C:/Program Files/Java/jre1.8.0_101/bin/server;C:/Program Files/Java/jre1.8.0_101/bin;C:/Program Files/Java/jre1.8.0_101/lib/amd64;C:\ProgramData\Oracle\Java\javapath;C:\WINDOWS\system32;C:\WINDOWS;C:\WINDOWS\System32\Wbem;C:\WINDOWS\System32\WindowsPowerShell\v1.0\;C:\Program Files\Hewlett-Packard\SimplePass\;C:\Program Files (x86)\C:\Program Files (x86)\Java\Windows Live\Shared;C:\Program Files\TortoiseSVN\bin;C:\Program Files (x86)\Java\jdk1.8.0_101\bin;C:\Program Files (x86)\Java\jdk1.8.0_101\bin;C:\WINDOWS\system32;
USERNAME=sagar
OS=Windows_NT
PROCESSOR_IDENTIFIER=Intel64 Family 6 Model 69 Stepping 1, GenuineIntel



---------------  S Y S T E M  ---------------

OS: Windows 8.1 , 64 bit Build 9600 (6.3.9600.16384)

CPU:total 4 (2 cores per cpu, 2 threads per core) family 6 model 69 stepping 1, cmov, cx8, fxsr, mmx, sse, sse2, sse3, ssse3, sse4.1, sse4.2, popcnt, avx, avx2, aes, clmul, erms, lzcnt, ht, tsc, tscinvbit, bmi1, bmi2

Memory: 4k page, physical 4124500k(931844k free), swap 6129452k(1199312k free)

vm_info: Java HotSpot(TM) 64-Bit Server VM (25.101-b13) for windows-amd64 JRE (1.8.0_101-b13), built on Jun 22 2016 01:21:29 by "java_re" with MS VC++ 10.0 (VS2010)

time: Tue Nov 19 21:28:11 2019
elapsed time: 692 seconds (0d 0h 11m 32s)

